[2025-10-13 15:56:15] local.ERROR: Uncaught Symfony\Component\Finder\Exception\DirectoryNotFoundException: The "E:\vscode\apm2\apm2\resources\views" directory does not exist. in E:\vscode\apm2\vendor\symfony\finder\Finder.php:646
Stack trace:
#0 E:\vscode\apm2\vendor\laravel\framework\src\Illuminate\Filesystem\Filesystem.php(588): Symfony\Component\Finder\Finder->in()
#1 Command line code(1): Illuminate\Filesystem\Filesystem->files()
#2 Command line code(1): getViews()
#3 {main}
  thrown {"exception":"[object] (Symfony\\Component\\ErrorHandler\\Error\\FatalError(code: 0): Uncaught Symfony\\Component\\Finder\\Exception\\DirectoryNotFoundException: The \"E:\\vscode\\apm2\\apm2\\resources\\views\" directory does not exist. in E:\\vscode\\apm2\\vendor\\symfony\\finder\\Finder.php:646
Stack trace:
#0 E:\\vscode\\apm2\\vendor\\laravel\\framework\\src\\Illuminate\\Filesystem\\Filesystem.php(588): Symfony\\Component\\Finder\\Finder->in()
#1 Command line code(1): Illuminate\\Filesystem\\Filesystem->files()
#2 Command line code(1): getViews()
#3 {main}
  thrown at E:\\vscode\\apm2\\vendor\\symfony\\finder\\Finder.php:646)
[stacktrace]
#0 {main}
"} 
[2025-11-08 19:45:13] local.ERROR: Uncaught Symfony\Component\Finder\Exception\DirectoryNotFoundException: The "E:\vscode\apm2\apm2\resources\views" directory does not exist. in E:\vscode\apm2\vendor\symfony\finder\Finder.php:646
Stack trace:
#0 E:\vscode\apm2\vendor\laravel\framework\src\Illuminate\Filesystem\Filesystem.php(588): Symfony\Component\Finder\Finder->in()
#1 Command line code(1): Illuminate\Filesystem\Filesystem->files()
#2 Command line code(1): getViews()
#3 {main}
  thrown {"exception":"[object] (Symfony\\Component\\ErrorHandler\\Error\\FatalError(code: 0): Uncaught Symfony\\Component\\Finder\\Exception\\DirectoryNotFoundException: The \"E:\\vscode\\apm2\\apm2\\resources\\views\" directory does not exist. in E:\\vscode\\apm2\\vendor\\symfony\\finder\\Finder.php:646
Stack trace:
#0 E:\\vscode\\apm2\\vendor\\laravel\\framework\\src\\Illuminate\\Filesystem\\Filesystem.php(588): Symfony\\Component\\Finder\\Finder->in()
#1 Command line code(1): Illuminate\\Filesystem\\Filesystem->files()
#2 Command line code(1): getViews()
#3 {main}
  thrown at E:\\vscode\\apm2\\vendor\\symfony\\finder\\Finder.php:646)
[stacktrace]
#0 {main}
"} 
[2025-11-09 08:47:27] local.ERROR: Uncaught Symfony\Component\Finder\Exception\DirectoryNotFoundException: The "E:\vscode\apm2\apm2\resources\views" directory does not exist. in E:\vscode\apm2\vendor\symfony\finder\Finder.php:646
Stack trace:
#0 E:\vscode\apm2\vendor\laravel\framework\src\Illuminate\Filesystem\Filesystem.php(588): Symfony\Component\Finder\Finder->in()
#1 Command line code(1): Illuminate\Filesystem\Filesystem->files()
#2 Command line code(1): getViews()
#3 {main}
  thrown {"exception":"[object] (Symfony\\Component\\ErrorHandler\\Error\\FatalError(code: 0): Uncaught Symfony\\Component\\Finder\\Exception\\DirectoryNotFoundException: The \"E:\\vscode\\apm2\\apm2\\resources\\views\" directory does not exist. in E:\\vscode\\apm2\\vendor\\symfony\\finder\\Finder.php:646
Stack trace:
#0 E:\\vscode\\apm2\\vendor\\laravel\\framework\\src\\Illuminate\\Filesystem\\Filesystem.php(588): Symfony\\Component\\Finder\\Finder->in()
#1 Command line code(1): Illuminate\\Filesystem\\Filesystem->files()
#2 Command line code(1): getViews()
#3 {main}
  thrown at E:\\vscode\\apm2\\vendor\\symfony\\finder\\Finder.php:646)
[stacktrace]
#0 {main}
"} 
[2025-11-09 08:48:07] local.ERROR: SQLSTATE[HY000] [1045] Access denied for user 'secretcourier'@'localhost' (using password: YES) (Connection: mysql, SQL: select * from `sessions` where `id` = MzI3pXXn9yy054i6lgFBy1OuqSNQXRXqjRf5Fo6D limit 1) {"exception":"[object] (Illuminate\\Database\\QueryException(code: 1045): SQLSTATE[HY000] [1045] Access denied for user 'secretcourier'@'localhost' (using password: YES) (Connection: mysql, SQL: select * from `sessions` where `id` = MzI3pXXn9yy054i6lgFBy1OuqSNQXRXqjRf5Fo6D limit 1) at E:\\vscode\\apm2\\vendor\\laravel\\framework\\src\\Illuminate\\Database\\Connection.php:824)
[stacktrace]
#0 E:\\vscode\\apm2\\vendor\\laravel\\framework\\src\\Illuminate\\Database\\Connection.php(978): Illuminate\\Database\\Connection->runQueryCallback()
#1 E:\\vscode\\apm2\\vendor\\laravel\\framework\\src\\Illuminate\\Database\\Connection.php(957): Illuminate\\Database\\Connection->tryAgainIfCausedByLostConnection()
#2 E:\\vscode\\apm2\\vendor\\laravel\\framework\\src\\Illuminate\\Database\\Connection.php(780): Illuminate\\Database\\Connection->handleQueryException()
#3 E:\\vscode\\apm2\\vendor\\laravel\\framework\\src\\Illuminate\\Database\\Connection.php(397): Illuminate\\Database\\Connection->run()
#4 E:\\vscode\\apm2\\vendor\\laravel\\framework\\src\\Illuminate\\Database\\Query\\Builder.php(3188): Illuminate\\Database\\Connection->select()
#5 E:\\vscode\\apm2\\vendor\\laravel\\framework\\src\\Illuminate\\Database\\Query\\Builder.php(3173): Illuminate\\Database\\Query\\Builder->runSelect()
#6 E:\\vscode\\apm2\\vendor\\laravel\\framework\\src\\Illuminate\\Database\\Query\\Builder.php(3763): Illuminate\\Database\\Query\\Builder->Illuminate\\Database\\Query\\{closure}()
#7 E:\\vscode\\apm2\\vendor\\laravel\\framework\\src\\Illuminate\\Database\\Query\\Builder.php(3172): Illuminate\\Database\\Query\\Builder->onceWithColumns()
#8 E:\\vscode\\apm2\\vendor\\laravel\\framework\\src\\Illuminate\\Database\\Concerns\\BuildsQueries.php(366): Illuminate\\Database\\Query\\Builder->get()
#9 E:\\vscode\\apm2\\vendor\\laravel\\framework\\src\\Illuminate\\Database\\Query\\Builder.php(3095): Illuminate\\Database\\Query\\Builder->first()
#10 E:\\vscode\\apm2\\vendor\\laravel\\framework\\src\\Illuminate\\Session\\DatabaseSessionHandler.php(96): Illuminate\\Database\\Query\\Builder->find()
#11 E:\\vscode\\apm2\\vendor\\laravel\\framework\\src\\Illuminate\\Session\\Store.php(116): Illuminate\\Session\\DatabaseSessionHandler->read()
#12 E:\\vscode\\apm2\\vendor\\laravel\\framework\\src\\Illuminate\\Session\\Store.php(104): Illuminate\\Session\\Store->readFromHandler()
#13 E:\\vscode\\apm2\\vendor\\laravel\\framework\\src\\Illuminate\\Session\\Store.php(88): Illuminate\\Session\\Store->loadSession()
#14 E:\\vscode\\apm2\\vendor\\laravel\\framework\\src\\Illuminate\\Session\\Middleware\\StartSession.php(146): Illuminate\\Session\\Store->start()
#15 E:\\vscode\\apm2\\vendor\\laravel\\framework\\src\\Illuminate\\Support\\helpers.php(399): Illuminate\\Session\\Middleware\\StartSession->Illuminate\\Session\\Middleware\\{closure}()
#16 E:\\vscode\\apm2\\vendor\\laravel\\framework\\src\\Illuminate\\Session\\Middleware\\StartSession.php(143): tap()
#17 E:\\vscode\\apm2\\vendor\\laravel\\framework\\src\\Illuminate\\Session\\Middleware\\StartSession.php(115): Illuminate\\Session\\Middleware\\StartSession->startSession()
#18 E:\\vscode\\apm2\\vendor\\laravel\\framework\\src\\Illuminate\\Session\\Middleware\\StartSession.php(63): Illuminate\\Session\\Middleware\\StartSession->handleStatefulRequest()
#19 E:\\vscode\\apm2\\vendor\\laravel\\framework\\src\\Illuminate\\Pipeline\\Pipeline.php(219): Illuminate\\Session\\Middleware\\StartSession->handle()
#20 E:\\vscode\\apm2\\vendor\\laravel\\framework\\src\\Illuminate\\Cookie\\Middleware\\AddQueuedCookiesToResponse.php(36): Illuminate\\Pipeline\\Pipeline->Illuminate\\Pipeline\\{closure}()
#21 E:\\vscode\\apm2\\vendor\\laravel\\framework\\src\\Illuminate\\Pipeline\\Pipeline.php(219): Illuminate\\Cookie\\Middleware\\AddQueuedCookiesToResponse->handle()
#22 E:\\vscode\\apm2\\vendor\\laravel\\framework\\src\\Illuminate\\Cookie\\Middleware\\EncryptCookies.php(74): Illuminate\\Pipeline\\Pipeline->Illuminate\\Pipeline\\{closure}()
#23 E:\\vscode\\apm2\\vendor\\laravel\\framework\\src\\Illuminate\\Pipeline\\Pipeline.php(219): Illuminate\\Cookie\\Middleware\\EncryptCookies->handle()
#24 E:\\vscode\\apm2\\vendor\\laravel\\framework\\src\\Illuminate\\Pipeline\\Pipeline.php(137): Illuminate\\Pipeline\\Pipeline->Illuminate\\Pipeline\\{closure}()
#25 E:\\vscode\\apm2\\vendor\\laravel\\framework\\src\\Illuminate\\Routing\\Router.php(821): Illuminate\\Pipeline\\Pipeline->then()
#26 E:\\vscode\\apm2\\vendor\\laravel\\framework\\src\\Illuminate\\Routing\\Router.php(800): Illuminate\\Routing\\Router->runRouteWithinStack()
#27 E:\\vscode\\apm2\\vendor\\laravel\\framework\\src\\Illuminate\\Routing\\Router.php(764): Illuminate\\Routing\\Router->runRoute()
#28 E:\\vscode\\apm2\\vendor\\laravel\\framework\\src\\Illuminate\\Routing\\Router.php(753): Illuminate\\Routing\\Router->dispatchToRoute()
#29 E:\\vscode\\apm2\\vendor\\laravel\\framework\\src\\Illuminate\\Foundation\\Http\\Kernel.php(200): Illuminate\\Routing\\Router->dispatch()
#30 E:\\vscode\\apm2\\vendor\\laravel\\framework\\src\\Illuminate\\Pipeline\\Pipeline.php(180): Illuminate\\Foundation\\Http\\Kernel->Illuminate\\Foundation\\Http\\{closure}()
#31 E:\\vscode\\apm2\\vendor\\laravel\\framework\\src\\Illuminate\\Foundation\\Http\\Middleware\\TransformsRequest.php(21): Illuminate\\Pipeline\\Pipeline->Illuminate\\Pipeline\\{closure}()
#32 E:\\vscode\\apm2\\vendor\\laravel\\framework\\src\\Illuminate\\Foundation\\Http\\Middleware\\ConvertEmptyStringsToNull.php(31): Illuminate\\Foundation\\Http\\Middleware\\TransformsRequest->handle()
#33 E:\\vscode\\apm2\\vendor\\laravel\\framework\\src\\Illuminate\\Pipeline\\Pipeline.php(219): Illuminate\\Foundation\\Http\\Middleware\\ConvertEmptyStringsToNull->handle()
#34 E:\\vscode\\apm2\\vendor\\laravel\\framework\\src\\Illuminate\\Foundation\\Http\\Middleware\\TransformsRequest.php(21): Illuminate\\Pipeline\\Pipeline->Illuminate\\Pipeline\\{closure}()
#35 E:\\vscode\\apm2\\vendor\\laravel\\framework\\src\\Illuminate\\Foundation\\Http\\Middleware\\TrimStrings.php(51): Illuminate\\Foundation\\Http\\Middleware\\TransformsRequest->handle()
#36 E:\\vscode\\apm2\\vendor\\laravel\\framework\\src\\Illuminate\\Pipeline\\Pipeline.php(219): Illuminate\\Foundation\\Http\\Middleware\\TrimStrings->handle()
#37 E:\\vscode\\apm2\\vendor\\laravel\\framework\\src\\Illuminate\\Http\\Middleware\\ValidatePostSize.php(27): Illuminate\\Pipeline\\Pipeline->Illuminate\\Pipeline\\{closure}()
#38 E:\\vscode\\apm2\\vendor\\laravel\\framework\\src\\Illuminate\\Pipeline\\Pipeline.php(219): Illuminate\\Http\\Middleware\\ValidatePostSize->handle()
#39 E:\\vscode\\apm2\\vendor\\laravel\\framework\\src\\Illuminate\\Foundation\\Http\\Middleware\\PreventRequestsDuringMaintenance.php(109): Illuminate\\Pipeline\\Pipeline->Illuminate\\Pipeline\\{closure}()
#40 E:\\vscode\\apm2\\vendor\\laravel\\framework\\src\\Illuminate\\Pipeline\\Pipeline.php(219): Illuminate\\Foundation\\Http\\Middleware\\PreventRequestsDuringMaintenance->handle()
#41 E:\\vscode\\apm2\\vendor\\laravel\\framework\\src\\Illuminate\\Http\\Middleware\\HandleCors.php(48): Illuminate\\Pipeline\\Pipeline->Illuminate\\Pipeline\\{closure}()
#42 E:\\vscode\\apm2\\vendor\\laravel\\framework\\src\\Illuminate\\Pipeline\\Pipeline.php(219): Illuminate\\Http\\Middleware\\HandleCors->handle()
#43 E:\\vscode\\apm2\\vendor\\laravel\\framework\\src\\Illuminate\\Http\\Middleware\\TrustProxies.php(58): Illuminate\\Pipeline\\Pipeline->Illuminate\\Pipeline\\{closure}()
#44 E:\\vscode\\apm2\\vendor\\laravel\\framework\\src\\Illuminate\\Pipeline\\Pipeline.php(219): Illuminate\\Http\\Middleware\\TrustProxies->handle()
#45 E:\\vscode\\apm2\\vendor\\laravel\\framework\\src\\Illuminate\\Foundation\\Http\\Middleware\\InvokeDeferredCallbacks.php(22): Illuminate\\Pipeline\\Pipeline->Illuminate\\Pipeline\\{closure}()
#46 E:\\vscode\\apm2\\vendor\\laravel\\framework\\src\\Illuminate\\Pipeline\\Pipeline.php(219): Illuminate\\Foundation\\Http\\Middleware\\InvokeDeferredCallbacks->handle()
#47 E:\\vscode\\apm2\\vendor\\laravel\\framework\\src\\Illuminate\\Http\\Middleware\\ValidatePathEncoding.php(26): Illuminate\\Pipeline\\Pipeline->Illuminate\\Pipeline\\{closure}()
#48 E:\\vscode\\apm2\\vendor\\laravel\\framework\\src\\Illuminate\\Pipeline\\Pipeline.php(219): Illuminate\\Http\\Middleware\\ValidatePathEncoding->handle()
#49 E:\\vscode\\apm2\\vendor\\laravel\\framework\\src\\Illuminate\\Pipeline\\Pipeline.php(137): Illuminate\\Pipeline\\Pipeline->Illuminate\\Pipeline\\{closure}()
#50 E:\\vscode\\apm2\\vendor\\laravel\\framework\\src\\Illuminate\\Foundation\\Http\\Kernel.php(175): Illuminate\\Pipeline\\Pipeline->then()
#51 E:\\vscode\\apm2\\vendor\\laravel\\framework\\src\\Illuminate\\Foundation\\Http\\Kernel.php(144): Illuminate\\Foundation\\Http\\Kernel->sendRequestThroughRouter()
#52 E:\\vscode\\apm2\\vendor\\laravel\\framework\\src\\Illuminate\\Foundation\\Application.php(1219): Illuminate\\Foundation\\Http\\Kernel->handle()
#53 E:\\vscode\\apm2\\public\\index.php(20): Illuminate\\Foundation\\Application->handleRequest()
#54 E:\\vscode\\apm2\\vendor\\laravel\\framework\\src\\Illuminate\\Foundation\\resources\\server.php(23): require_once('...')
#55 {main}

[previous exception] [object] (PDOException(code: 1045): SQLSTATE[HY000] [1045] Access denied for user 'secretcourier'@'localhost' (using password: YES) at E:\\vscode\\apm2\\vendor\\laravel\\framework\\src\\Illuminate\\Database\\Connectors\\Connector.php:66)
[stacktrace]
#0 E:\\vscode\\apm2\\vendor\\laravel\\framework\\src\\Illuminate\\Database\\Connectors\\Connector.php(66): PDO->__construct()
#1 E:\\vscode\\apm2\\vendor\\laravel\\framework\\src\\Illuminate\\Database\\Connectors\\Connector.php(85): Illuminate\\Database\\Connectors\\Connector->createPdoConnection()
#2 E:\\vscode\\apm2\\vendor\\laravel\\framework\\src\\Illuminate\\Database\\Connectors\\Connector.php(48): Illuminate\\Database\\Connectors\\Connector->tryAgainIfCausedByLostConnection()
#3 E:\\vscode\\apm2\\vendor\\laravel\\framework\\src\\Illuminate\\Database\\Connectors\\MySqlConnector.php(24): Illuminate\\Database\\Connectors\\Connector->createConnection()
#4 E:\\vscode\\apm2\\vendor\\laravel\\framework\\src\\Illuminate\\Database\\Connectors\\ConnectionFactory.php(184): Illuminate\\Database\\Connectors\\MySqlConnector->connect()
#5 [internal function]: Illuminate\\Database\\Connectors\\ConnectionFactory->Illuminate\\Database\\Connectors\\{closure}()
#6 E:\\vscode\\apm2\\vendor\\laravel\\framework\\src\\Illuminate\\Database\\Connection.php(1230): call_user_func()
#7 E:\\vscode\\apm2\\vendor\\laravel\\framework\\src\\Illuminate\\Database\\Connection.php(511): Illuminate\\Database\\Connection->getPdo()
#8 E:\\vscode\\apm2\\vendor\\laravel\\framework\\src\\Illuminate\\Database\\Connection.php(406): Illuminate\\Database\\Connection->getPdoForSelect()
#9 E:\\vscode\\apm2\\vendor\\laravel\\framework\\src\\Illuminate\\Database\\Connection.php(811): Illuminate\\Database\\Connection->Illuminate\\Database\\{closure}()
#10 E:\\vscode\\apm2\\vendor\\laravel\\framework\\src\\Illuminate\\Database\\Connection.php(978): Illuminate\\Database\\Connection->runQueryCallback()
#11 E:\\vscode\\apm2\\vendor\\laravel\\framework\\src\\Illuminate\\Database\\Connection.php(957): Illuminate\\Database\\Connection->tryAgainIfCausedByLostConnection()
#12 E:\\vscode\\apm2\\vendor\\laravel\\framework\\src\\Illuminate\\Database\\Connection.php(780): Illuminate\\Database\\Connection->handleQueryException()
#13 E:\\vscode\\apm2\\vendor\\laravel\\framework\\src\\Illuminate\\Database\\Connection.php(397): Illuminate\\Database\\Connection->run()
#14 E:\\vscode\\apm2\\vendor\\laravel\\framework\\src\\Illuminate\\Database\\Query\\Builder.php(3188): Illuminate\\Database\\Connection->select()
#15 E:\\vscode\\apm2\\vendor\\laravel\\framework\\src\\Illuminate\\Database\\Query\\Builder.php(3173): Illuminate\\Database\\Query\\Builder->runSelect()
#16 E:\\vscode\\apm2\\vendor\\laravel\\framework\\src\\Illuminate\\Database\\Query\\Builder.php(3763): Illuminate\\Database\\Query\\Builder->Illuminate\\Database\\Query\\{closure}()
#17 E:\\vscode\\apm2\\vendor\\laravel\\framework\\src\\Illuminate\\Database\\Query\\Builder.php(3172): Illuminate\\Database\\Query\\Builder->onceWithColumns()
#18 E:\\vscode\\apm2\\vendor\\laravel\\framework\\src\\Illuminate\\Database\\Concerns\\BuildsQueries.php(366): Illuminate\\Database\\Query\\Builder->get()
#19 E:\\vscode\\apm2\\vendor\\laravel\\framework\\src\\Illuminate\\Database\\Query\\Builder.php(3095): Illuminate\\Database\\Query\\Builder->first()
#20 E:\\vscode\\apm2\\vendor\\laravel\\framework\\src\\Illuminate\\Session\\DatabaseSessionHandler.php(96): Illuminate\\Database\\Query\\Builder->find()
#21 E:\\vscode\\apm2\\vendor\\laravel\\framework\\src\\Illuminate\\Session\\Store.php(116): Illuminate\\Session\\DatabaseSessionHandler->read()
#22 E:\\vscode\\apm2\\vendor\\laravel\\framework\\src\\Illuminate\\Session\\Store.php(104): Illuminate\\Session\\Store->readFromHandler()
#23 E:\\vscode\\apm2\\vendor\\laravel\\framework\\src\\Illuminate\\Session\\Store.php(88): Illuminate\\Session\\Store->loadSession()
#24 E:\\vscode\\apm2\\vendor\\laravel\\framework\\src\\Illuminate\\Session\\Middleware\\StartSession.php(146): Illuminate\\Session\\Store->start()
#25 E:\\vscode\\apm2\\vendor\\laravel\\framework\\src\\Illuminate\\Support\\helpers.php(399): Illuminate\\Session\\Middleware\\StartSession->Illuminate\\Session\\Middleware\\{closure}()
#26 E:\\vscode\\apm2\\vendor\\laravel\\framework\\src\\Illuminate\\Session\\Middleware\\StartSession.php(143): tap()
#27 E:\\vscode\\apm2\\vendor\\laravel\\framework\\src\\Illuminate\\Session\\Middleware\\StartSession.php(115): Illuminate\\Session\\Middleware\\StartSession->startSession()
#28 E:\\vscode\\apm2\\vendor\\laravel\\framework\\src\\Illuminate\\Session\\Middleware\\StartSession.php(63): Illuminate\\Session\\Middleware\\StartSession->handleStatefulRequest()
#29 E:\\vscode\\apm2\\vendor\\laravel\\framework\\src\\Illuminate\\Pipeline\\Pipeline.php(219): Illuminate\\Session\\Middleware\\StartSession->handle()
#30 E:\\vscode\\apm2\\vendor\\laravel\\framework\\src\\Illuminate\\Cookie\\Middleware\\AddQueuedCookiesToResponse.php(36): Illuminate\\Pipeline\\Pipeline->Illuminate\\Pipeline\\{closure}()
#31 E:\\vscode\\apm2\\vendor\\laravel\\framework\\src\\Illuminate\\Pipeline\\Pipeline.php(219): Illuminate\\Cookie\\Middleware\\AddQueuedCookiesToResponse->handle()
#32 E:\\vscode\\apm2\\vendor\\laravel\\framework\\src\\Illuminate\\Cookie\\Middleware\\EncryptCookies.php(74): Illuminate\\Pipeline\\Pipeline->Illuminate\\Pipeline\\{closure}()
#33 E:\\vscode\\apm2\\vendor\\laravel\\framework\\src\\Illuminate\\Pipeline\\Pipeline.php(219): Illuminate\\Cookie\\Middleware\\EncryptCookies->handle()
#34 E:\\vscode\\apm2\\vendor\\laravel\\framework\\src\\Illuminate\\Pipeline\\Pipeline.php(137): Illuminate\\Pipeline\\Pipeline->Illuminate\\Pipeline\\{closure}()
#35 E:\\vscode\\apm2\\vendor\\laravel\\framework\\src\\Illuminate\\Routing\\Router.php(821): Illuminate\\Pipeline\\Pipeline->then()
#36 E:\\vscode\\apm2\\vendor\\laravel\\framework\\src\\Illuminate\\Routing\\Router.php(800): Illuminate\\Routing\\Router->runRouteWithinStack()
#37 E:\\vscode\\apm2\\vendor\\laravel\\framework\\src\\Illuminate\\Routing\\Router.php(764): Illuminate\\Routing\\Router->runRoute()
#38 E:\\vscode\\apm2\\vendor\\laravel\\framework\\src\\Illuminate\\Routing\\Router.php(753): Illuminate\\Routing\\Router->dispatchToRoute()
#39 E:\\vscode\\apm2\\vendor\\laravel\\framework\\src\\Illuminate\\Foundation\\Http\\Kernel.php(200): Illuminate\\Routing\\Router->dispatch()
#40 E:\\vscode\\apm2\\vendor\\laravel\\framework\\src\\Illuminate\\Pipeline\\Pipeline.php(180): Illuminate\\Foundation\\Http\\Kernel->Illuminate\\Foundation\\Http\\{closure}()
#41 E:\\vscode\\apm2\\vendor\\laravel\\framework\\src\\Illuminate\\Foundation\\Http\\Middleware\\TransformsRequest.php(21): Illuminate\\Pipeline\\Pipeline->Illuminate\\Pipeline\\{closure}()
#42 E:\\vscode\\apm2\\vendor\\laravel\\framework\\src\\Illuminate\\Foundation\\Http\\Middleware\\ConvertEmptyStringsToNull.php(31): Illuminate\\Foundation\\Http\\Middleware\\TransformsRequest->handle()
#43 E:\\vscode\\apm2\\vendor\\laravel\\framework\\src\\Illuminate\\Pipeline\\Pipeline.php(219): Illuminate\\Foundation\\Http\\Middleware\\ConvertEmptyStringsToNull->handle()
#44 E:\\vscode\\apm2\\vendor\\laravel\\framework\\src\\Illuminate\\Foundation\\Http\\Middleware\\TransformsRequest.php(21): Illuminate\\Pipeline\\Pipeline->Illuminate\\Pipeline\\{closure}()
#45 E:\\vscode\\apm2\\vendor\\laravel\\framework\\src\\Illuminate\\Foundation\\Http\\Middleware\\TrimStrings.php(51): Illuminate\\Foundation\\Http\\Middleware\\TransformsRequest->handle()
#46 E:\\vscode\\apm2\\vendor\\laravel\\framework\\src\\Illuminate\\Pipeline\\Pipeline.php(219): Illuminate\\Foundation\\Http\\Middleware\\TrimStrings->handle()
#47 E:\\vscode\\apm2\\vendor\\laravel\\framework\\src\\Illuminate\\Http\\Middleware\\ValidatePostSize.php(27): Illuminate\\Pipeline\\Pipeline->Illuminate\\Pipeline\\{closure}()
#48 E:\\vscode\\apm2\\vendor\\laravel\\framework\\src\\Illuminate\\Pipeline\\Pipeline.php(219): Illuminate\\Http\\Middleware\\ValidatePostSize->handle()
#49 E:\\vscode\\apm2\\vendor\\laravel\\framework\\src\\Illuminate\\Foundation\\Http\\Middleware\\PreventRequestsDuringMaintenance.php(109): Illuminate\\Pipeline\\Pipeline->Illuminate\\Pipeline\\{closure}()
#50 E:\\vscode\\apm2\\vendor\\laravel\\framework\\src\\Illuminate\\Pipeline\\Pipeline.php(219): Illuminate\\Foundation\\Http\\Middleware\\PreventRequestsDuringMaintenance->handle()
#51 E:\\vscode\\apm2\\vendor\\laravel\\framework\\src\\Illuminate\\Http\\Middleware\\HandleCors.php(48): Illuminate\\Pipeline\\Pipeline->Illuminate\\Pipeline\\{closure}()
#52 E:\\vscode\\apm2\\vendor\\laravel\\framework\\src\\Illuminate\\Pipeline\\Pipeline.php(219): Illuminate\\Http\\Middleware\\HandleCors->handle()
#53 E:\\vscode\\apm2\\vendor\\laravel\\framework\\src\\Illuminate\\Http\\Middleware\\TrustProxies.php(58): Illuminate\\Pipeline\\Pipeline->Illuminate\\Pipeline\\{closure}()
#54 E:\\vscode\\apm2\\vendor\\laravel\\framework\\src\\Illuminate\\Pipeline\\Pipeline.php(219): Illuminate\\Http\\Middleware\\TrustProxies->handle()
#55 E:\\vscode\\apm2\\vendor\\laravel\\framework\\src\\Illuminate\\Foundation\\Http\\Middleware\\InvokeDeferredCallbacks.php(22): Illuminate\\Pipeline\\Pipeline->Illuminate\\Pipeline\\{closure}()
#56 E:\\vscode\\apm2\\vendor\\laravel\\framework\\src\\Illuminate\\Pipeline\\Pipeline.php(219): Illuminate\\Foundation\\Http\\Middleware\\InvokeDeferredCallbacks->handle()
#57 E:\\vscode\\apm2\\vendor\\laravel\\framework\\src\\Illuminate\\Http\\Middleware\\ValidatePathEncoding.php(26): Illuminate\\Pipeline\\Pipeline->Illuminate\\Pipeline\\{closure}()
#58 E:\\vscode\\apm2\\vendor\\laravel\\framework\\src\\Illuminate\\Pipeline\\Pipeline.php(219): Illuminate\\Http\\Middleware\\ValidatePathEncoding->handle()
#59 E:\\vscode\\apm2\\vendor\\laravel\\framework\\src\\Illuminate\\Pipeline\\Pipeline.php(137): Illuminate\\Pipeline\\Pipeline->Illuminate\\Pipeline\\{closure}()
#60 E:\\vscode\\apm2\\vendor\\laravel\\framework\\src\\Illuminate\\Foundation\\Http\\Kernel.php(175): Illuminate\\Pipeline\\Pipeline->then()
#61 E:\\vscode\\apm2\\vendor\\laravel\\framework\\src\\Illuminate\\Foundation\\Http\\Kernel.php(144): Illuminate\\Foundation\\Http\\Kernel->sendRequestThroughRouter()
#62 E:\\vscode\\apm2\\vendor\\laravel\\framework\\src\\Illuminate\\Foundation\\Application.php(1219): Illuminate\\Foundation\\Http\\Kernel->handle()
#63 E:\\vscode\\apm2\\public\\index.php(20): Illuminate\\Foundation\\Application->handleRequest()
#64 E:\\vscode\\apm2\\vendor\\laravel\\framework\\src\\Illuminate\\Foundation\\resources\\server.php(23): require_once('...')
#65 {main}
"} 
[2025-11-09 08:48:15] local.ERROR: Uncaught Symfony\Component\Finder\Exception\DirectoryNotFoundException: The "E:\vscode\apm2\apm2\resources\views" directory does not exist. in E:\vscode\apm2\vendor\symfony\finder\Finder.php:646
Stack trace:
#0 E:\vscode\apm2\vendor\laravel\framework\src\Illuminate\Filesystem\Filesystem.php(588): Symfony\Component\Finder\Finder->in()
#1 Command line code(1): Illuminate\Filesystem\Filesystem->files()
#2 Command line code(1): getViews()
#3 {main}
  thrown {"exception":"[object] (Symfony\\Component\\ErrorHandler\\Error\\FatalError(code: 0): Uncaught Symfony\\Component\\Finder\\Exception\\DirectoryNotFoundException: The \"E:\\vscode\\apm2\\apm2\\resources\\views\" directory does not exist. in E:\\vscode\\apm2\\vendor\\symfony\\finder\\Finder.php:646
Stack trace:
#0 E:\\vscode\\apm2\\vendor\\laravel\\framework\\src\\Illuminate\\Filesystem\\Filesystem.php(588): Symfony\\Component\\Finder\\Finder->in()
#1 Command line code(1): Illuminate\\Filesystem\\Filesystem->files()
#2 Command line code(1): getViews()
#3 {main}
  thrown at E:\\vscode\\apm2\\vendor\\symfony\\finder\\Finder.php:646)
[stacktrace]
#0 {main}
"} 
[2025-11-09 08:48:17] local.ERROR: Uncaught Symfony\Component\Finder\Exception\DirectoryNotFoundException: The "E:\vscode\apm2\apm2\resources\views" directory does not exist. in E:\vscode\apm2\vendor\symfony\finder\Finder.php:646
Stack trace:
#0 E:\vscode\apm2\vendor\laravel\framework\src\Illuminate\Filesystem\Filesystem.php(588): Symfony\Component\Finder\Finder->in()
#1 Command line code(1): Illuminate\Filesystem\Filesystem->files()
#2 Command line code(1): getViews()
#3 {main}
  thrown {"exception":"[object] (Symfony\\Component\\ErrorHandler\\Error\\FatalError(code: 0): Uncaught Symfony\\Component\\Finder\\Exception\\DirectoryNotFoundException: The \"E:\\vscode\\apm2\\apm2\\resources\\views\" directory does not exist. in E:\\vscode\\apm2\\vendor\\symfony\\finder\\Finder.php:646
Stack trace:
#0 E:\\vscode\\apm2\\vendor\\laravel\\framework\\src\\Illuminate\\Filesystem\\Filesystem.php(588): Symfony\\Component\\Finder\\Finder->in()
#1 Command line code(1): Illuminate\\Filesystem\\Filesystem->files()
#2 Command line code(1): getViews()
#3 {main}
  thrown at E:\\vscode\\apm2\\vendor\\symfony\\finder\\Finder.php:646)
[stacktrace]
#0 {main}
"} 
[2025-11-09 08:48:20] local.ERROR: Uncaught Symfony\Component\Finder\Exception\DirectoryNotFoundException: The "E:\vscode\apm2\apm2\resources\views" directory does not exist. in E:\vscode\apm2\vendor\symfony\finder\Finder.php:646
Stack trace:
#0 E:\vscode\apm2\vendor\laravel\framework\src\Illuminate\Filesystem\Filesystem.php(588): Symfony\Component\Finder\Finder->in()
#1 Command line code(1): Illuminate\Filesystem\Filesystem->files()
#2 Command line code(1): getViews()
#3 {main}
  thrown {"exception":"[object] (Symfony\\Component\\ErrorHandler\\Error\\FatalError(code: 0): Uncaught Symfony\\Component\\Finder\\Exception\\DirectoryNotFoundException: The \"E:\\vscode\\apm2\\apm2\\resources\\views\" directory does not exist. in E:\\vscode\\apm2\\vendor\\symfony\\finder\\Finder.php:646
Stack trace:
#0 E:\\vscode\\apm2\\vendor\\laravel\\framework\\src\\Illuminate\\Filesystem\\Filesystem.php(588): Symfony\\Component\\Finder\\Finder->in()
#1 Command line code(1): Illuminate\\Filesystem\\Filesystem->files()
#2 Command line code(1): getViews()
#3 {main}
  thrown at E:\\vscode\\apm2\\vendor\\symfony\\finder\\Finder.php:646)
[stacktrace]
#0 {main}
"} 
[2025-11-09 08:48:23] local.ERROR: Uncaught Symfony\Component\Finder\Exception\DirectoryNotFoundException: The "E:\vscode\apm2\apm2\resources\views" directory does not exist. in E:\vscode\apm2\vendor\symfony\finder\Finder.php:646
Stack trace:
#0 E:\vscode\apm2\vendor\laravel\framework\src\Illuminate\Filesystem\Filesystem.php(588): Symfony\Component\Finder\Finder->in()
#1 Command line code(1): Illuminate\Filesystem\Filesystem->files()
#2 Command line code(1): getViews()
#3 {main}
  thrown {"exception":"[object] (Symfony\\Component\\ErrorHandler\\Error\\FatalError(code: 0): Uncaught Symfony\\Component\\Finder\\Exception\\DirectoryNotFoundException: The \"E:\\vscode\\apm2\\apm2\\resources\\views\" directory does not exist. in E:\\vscode\\apm2\\vendor\\symfony\\finder\\Finder.php:646
Stack trace:
#0 E:\\vscode\\apm2\\vendor\\laravel\\framework\\src\\Illuminate\\Filesystem\\Filesystem.php(588): Symfony\\Component\\Finder\\Finder->in()
#1 Command line code(1): Illuminate\\Filesystem\\Filesystem->files()
#2 Command line code(1): getViews()
#3 {main}
  thrown at E:\\vscode\\apm2\\vendor\\symfony\\finder\\Finder.php:646)
[stacktrace]
#0 {main}
"} 
[2025-11-09 08:48:25] local.ERROR: Uncaught Symfony\Component\Finder\Exception\DirectoryNotFoundException: The "E:\vscode\apm2\apm2\resources\views" directory does not exist. in E:\vscode\apm2\vendor\symfony\finder\Finder.php:646
Stack trace:
#0 E:\vscode\apm2\vendor\laravel\framework\src\Illuminate\Filesystem\Filesystem.php(588): Symfony\Component\Finder\Finder->in()
#1 Command line code(1): Illuminate\Filesystem\Filesystem->files()
#2 Command line code(1): getViews()
#3 {main}
  thrown {"exception":"[object] (Symfony\\Component\\ErrorHandler\\Error\\FatalError(code: 0): Uncaught Symfony\\Component\\Finder\\Exception\\DirectoryNotFoundException: The \"E:\\vscode\\apm2\\apm2\\resources\\views\" directory does not exist. in E:\\vscode\\apm2\\vendor\\symfony\\finder\\Finder.php:646
Stack trace:
#0 E:\\vscode\\apm2\\vendor\\laravel\\framework\\src\\Illuminate\\Filesystem\\Filesystem.php(588): Symfony\\Component\\Finder\\Finder->in()
#1 Command line code(1): Illuminate\\Filesystem\\Filesystem->files()
#2 Command line code(1): getViews()
#3 {main}
  thrown at E:\\vscode\\apm2\\vendor\\symfony\\finder\\Finder.php:646)
[stacktrace]
#0 {main}
"} 
[2025-11-09 08:48:27] local.ERROR: Uncaught Symfony\Component\Finder\Exception\DirectoryNotFoundException: The "E:\vscode\apm2\apm2\resources\views" directory does not exist. in E:\vscode\apm2\vendor\symfony\finder\Finder.php:646
Stack trace:
#0 E:\vscode\apm2\vendor\laravel\framework\src\Illuminate\Filesystem\Filesystem.php(588): Symfony\Component\Finder\Finder->in()
#1 Command line code(1): Illuminate\Filesystem\Filesystem->files()
#2 Command line code(1): getViews()
#3 {main}
  thrown {"exception":"[object] (Symfony\\Component\\ErrorHandler\\Error\\FatalError(code: 0): Uncaught Symfony\\Component\\Finder\\Exception\\DirectoryNotFoundException: The \"E:\\vscode\\apm2\\apm2\\resources\\views\" directory does not exist. in E:\\vscode\\apm2\\vendor\\symfony\\finder\\Finder.php:646
Stack trace:
#0 E:\\vscode\\apm2\\vendor\\laravel\\framework\\src\\Illuminate\\Filesystem\\Filesystem.php(588): Symfony\\Component\\Finder\\Finder->in()
#1 Command line code(1): Illuminate\\Filesystem\\Filesystem->files()
#2 Command line code(1): getViews()
#3 {main}
  thrown at E:\\vscode\\apm2\\vendor\\symfony\\finder\\Finder.php:646)
[stacktrace]
#0 {main}
"} 
[2025-11-09 08:48:30] local.ERROR: Uncaught Symfony\Component\Finder\Exception\DirectoryNotFoundException: The "E:\vscode\apm2\apm2\resources\views" directory does not exist. in E:\vscode\apm2\vendor\symfony\finder\Finder.php:646
Stack trace:
#0 E:\vscode\apm2\vendor\laravel\framework\src\Illuminate\Filesystem\Filesystem.php(588): Symfony\Component\Finder\Finder->in()
#1 Command line code(1): Illuminate\Filesystem\Filesystem->files()
#2 Command line code(1): getViews()
#3 {main}
  thrown {"exception":"[object] (Symfony\\Component\\ErrorHandler\\Error\\FatalError(code: 0): Uncaught Symfony\\Component\\Finder\\Exception\\DirectoryNotFoundException: The \"E:\\vscode\\apm2\\apm2\\resources\\views\" directory does not exist. in E:\\vscode\\apm2\\vendor\\symfony\\finder\\Finder.php:646
Stack trace:
#0 E:\\vscode\\apm2\\vendor\\laravel\\framework\\src\\Illuminate\\Filesystem\\Filesystem.php(588): Symfony\\Component\\Finder\\Finder->in()
#1 Command line code(1): Illuminate\\Filesystem\\Filesystem->files()
#2 Command line code(1): getViews()
#3 {main}
  thrown at E:\\vscode\\apm2\\vendor\\symfony\\finder\\Finder.php:646)
[stacktrace]
#0 {main}
"} 
[2025-11-09 08:48:34] local.ERROR: Uncaught Symfony\Component\Finder\Exception\DirectoryNotFoundException: The "E:\vscode\apm2\apm2\resources\views" directory does not exist. in E:\vscode\apm2\vendor\symfony\finder\Finder.php:646
Stack trace:
#0 E:\vscode\apm2\vendor\laravel\framework\src\Illuminate\Filesystem\Filesystem.php(588): Symfony\Component\Finder\Finder->in()
#1 Command line code(1): Illuminate\Filesystem\Filesystem->files()
#2 Command line code(1): getViews()
#3 {main}
  thrown {"exception":"[object] (Symfony\\Component\\ErrorHandler\\Error\\FatalError(code: 0): Uncaught Symfony\\Component\\Finder\\Exception\\DirectoryNotFoundException: The \"E:\\vscode\\apm2\\apm2\\resources\\views\" directory does not exist. in E:\\vscode\\apm2\\vendor\\symfony\\finder\\Finder.php:646
Stack trace:
#0 E:\\vscode\\apm2\\vendor\\laravel\\framework\\src\\Illuminate\\Filesystem\\Filesystem.php(588): Symfony\\Component\\Finder\\Finder->in()
#1 Command line code(1): Illuminate\\Filesystem\\Filesystem->files()
#2 Command line code(1): getViews()
#3 {main}
  thrown at E:\\vscode\\apm2\\vendor\\symfony\\finder\\Finder.php:646)
[stacktrace]
#0 {main}
"} 
[2025-11-09 08:48:36] local.ERROR: Uncaught Symfony\Component\Finder\Exception\DirectoryNotFoundException: The "E:\vscode\apm2\apm2\resources\views" directory does not exist. in E:\vscode\apm2\vendor\symfony\finder\Finder.php:646
Stack trace:
#0 E:\vscode\apm2\vendor\laravel\framework\src\Illuminate\Filesystem\Filesystem.php(588): Symfony\Component\Finder\Finder->in()
#1 Command line code(1): Illuminate\Filesystem\Filesystem->files()
#2 Command line code(1): getViews()
#3 {main}
  thrown {"exception":"[object] (Symfony\\Component\\ErrorHandler\\Error\\FatalError(code: 0): Uncaught Symfony\\Component\\Finder\\Exception\\DirectoryNotFoundException: The \"E:\\vscode\\apm2\\apm2\\resources\\views\" directory does not exist. in E:\\vscode\\apm2\\vendor\\symfony\\finder\\Finder.php:646
Stack trace:
#0 E:\\vscode\\apm2\\vendor\\laravel\\framework\\src\\Illuminate\\Filesystem\\Filesystem.php(588): Symfony\\Component\\Finder\\Finder->in()
#1 Command line code(1): Illuminate\\Filesystem\\Filesystem->files()
#2 Command line code(1): getViews()
#3 {main}
  thrown at E:\\vscode\\apm2\\vendor\\symfony\\finder\\Finder.php:646)
[stacktrace]
#0 {main}
"} 
[2025-11-09 08:48:37] local.ERROR: Uncaught Symfony\Component\Finder\Exception\DirectoryNotFoundException: The "E:\vscode\apm2\apm2\resources\views" directory does not exist. in E:\vscode\apm2\vendor\symfony\finder\Finder.php:646
Stack trace:
#0 E:\vscode\apm2\vendor\laravel\framework\src\Illuminate\Filesystem\Filesystem.php(588): Symfony\Component\Finder\Finder->in()
#1 Command line code(1): Illuminate\Filesystem\Filesystem->files()
#2 Command line code(1): getViews()
#3 {main}
  thrown {"exception":"[object] (Symfony\\Component\\ErrorHandler\\Error\\FatalError(code: 0): Uncaught Symfony\\Component\\Finder\\Exception\\DirectoryNotFoundException: The \"E:\\vscode\\apm2\\apm2\\resources\\views\" directory does not exist. in E:\\vscode\\apm2\\vendor\\symfony\\finder\\Finder.php:646
Stack trace:
#0 E:\\vscode\\apm2\\vendor\\laravel\\framework\\src\\Illuminate\\Filesystem\\Filesystem.php(588): Symfony\\Component\\Finder\\Finder->in()
#1 Command line code(1): Illuminate\\Filesystem\\Filesystem->files()
#2 Command line code(1): getViews()
#3 {main}
  thrown at E:\\vscode\\apm2\\vendor\\symfony\\finder\\Finder.php:646)
[stacktrace]
#0 {main}
"} 
[2025-11-09 08:48:40] local.ERROR: Uncaught Symfony\Component\Finder\Exception\DirectoryNotFoundException: The "E:\vscode\apm2\apm2\resources\views" directory does not exist. in E:\vscode\apm2\vendor\symfony\finder\Finder.php:646
Stack trace:
#0 E:\vscode\apm2\vendor\laravel\framework\src\Illuminate\Filesystem\Filesystem.php(588): Symfony\Component\Finder\Finder->in()
#1 Command line code(1): Illuminate\Filesystem\Filesystem->files()
#2 Command line code(1): getViews()
#3 {main}
  thrown {"exception":"[object] (Symfony\\Component\\ErrorHandler\\Error\\FatalError(code: 0): Uncaught Symfony\\Component\\Finder\\Exception\\DirectoryNotFoundException: The \"E:\\vscode\\apm2\\apm2\\resources\\views\" directory does not exist. in E:\\vscode\\apm2\\vendor\\symfony\\finder\\Finder.php:646
Stack trace:
#0 E:\\vscode\\apm2\\vendor\\laravel\\framework\\src\\Illuminate\\Filesystem\\Filesystem.php(588): Symfony\\Component\\Finder\\Finder->in()
#1 Command line code(1): Illuminate\\Filesystem\\Filesystem->files()
#2 Command line code(1): getViews()
#3 {main}
  thrown at E:\\vscode\\apm2\\vendor\\symfony\\finder\\Finder.php:646)
[stacktrace]
#0 {main}
"} 
[2025-11-09 08:48:42] local.ERROR: Uncaught Symfony\Component\Finder\Exception\DirectoryNotFoundException: The "E:\vscode\apm2\apm2\resources\views" directory does not exist. in E:\vscode\apm2\vendor\symfony\finder\Finder.php:646
Stack trace:
#0 E:\vscode\apm2\vendor\laravel\framework\src\Illuminate\Filesystem\Filesystem.php(588): Symfony\Component\Finder\Finder->in()
#1 Command line code(1): Illuminate\Filesystem\Filesystem->files()
#2 Command line code(1): getViews()
#3 {main}
  thrown {"exception":"[object] (Symfony\\Component\\ErrorHandler\\Error\\FatalError(code: 0): Uncaught Symfony\\Component\\Finder\\Exception\\DirectoryNotFoundException: The \"E:\\vscode\\apm2\\apm2\\resources\\views\" directory does not exist. in E:\\vscode\\apm2\\vendor\\symfony\\finder\\Finder.php:646
Stack trace:
#0 E:\\vscode\\apm2\\vendor\\laravel\\framework\\src\\Illuminate\\Filesystem\\Filesystem.php(588): Symfony\\Component\\Finder\\Finder->in()
#1 Command line code(1): Illuminate\\Filesystem\\Filesystem->files()
#2 Command line code(1): getViews()
#3 {main}
  thrown at E:\\vscode\\apm2\\vendor\\symfony\\finder\\Finder.php:646)
[stacktrace]
#0 {main}
"} 
[2025-11-09 08:48:45] local.ERROR: Uncaught Symfony\Component\Finder\Exception\DirectoryNotFoundException: The "E:\vscode\apm2\apm2\resources\views" directory does not exist. in E:\vscode\apm2\vendor\symfony\finder\Finder.php:646
Stack trace:
#0 E:\vscode\apm2\vendor\laravel\framework\src\Illuminate\Filesystem\Filesystem.php(588): Symfony\Component\Finder\Finder->in()
#1 Command line code(1): Illuminate\Filesystem\Filesystem->files()
#2 Command line code(1): getViews()
#3 {main}
  thrown {"exception":"[object] (Symfony\\Component\\ErrorHandler\\Error\\FatalError(code: 0): Uncaught Symfony\\Component\\Finder\\Exception\\DirectoryNotFoundException: The \"E:\\vscode\\apm2\\apm2\\resources\\views\" directory does not exist. in E:\\vscode\\apm2\\vendor\\symfony\\finder\\Finder.php:646
Stack trace:
#0 E:\\vscode\\apm2\\vendor\\laravel\\framework\\src\\Illuminate\\Filesystem\\Filesystem.php(588): Symfony\\Component\\Finder\\Finder->in()
#1 Command line code(1): Illuminate\\Filesystem\\Filesystem->files()
#2 Command line code(1): getViews()
#3 {main}
  thrown at E:\\vscode\\apm2\\vendor\\symfony\\finder\\Finder.php:646)
[stacktrace]
#0 {main}
"} 
[2025-11-09 08:48:47] local.ERROR: Uncaught Symfony\Component\Finder\Exception\DirectoryNotFoundException: The "E:\vscode\apm2\apm2\resources\views" directory does not exist. in E:\vscode\apm2\vendor\symfony\finder\Finder.php:646
Stack trace:
#0 E:\vscode\apm2\vendor\laravel\framework\src\Illuminate\Filesystem\Filesystem.php(588): Symfony\Component\Finder\Finder->in()
#1 Command line code(1): Illuminate\Filesystem\Filesystem->files()
#2 Command line code(1): getViews()
#3 {main}
  thrown {"exception":"[object] (Symfony\\Component\\ErrorHandler\\Error\\FatalError(code: 0): Uncaught Symfony\\Component\\Finder\\Exception\\DirectoryNotFoundException: The \"E:\\vscode\\apm2\\apm2\\resources\\views\" directory does not exist. in E:\\vscode\\apm2\\vendor\\symfony\\finder\\Finder.php:646
Stack trace:
#0 E:\\vscode\\apm2\\vendor\\laravel\\framework\\src\\Illuminate\\Filesystem\\Filesystem.php(588): Symfony\\Component\\Finder\\Finder->in()
#1 Command line code(1): Illuminate\\Filesystem\\Filesystem->files()
#2 Command line code(1): getViews()
#3 {main}
  thrown at E:\\vscode\\apm2\\vendor\\symfony\\finder\\Finder.php:646)
[stacktrace]
#0 {main}
"} 
[2025-11-09 08:48:50] local.ERROR: Uncaught Symfony\Component\Finder\Exception\DirectoryNotFoundException: The "E:\vscode\apm2\apm2\resources\views" directory does not exist. in E:\vscode\apm2\vendor\symfony\finder\Finder.php:646
Stack trace:
#0 E:\vscode\apm2\vendor\laravel\framework\src\Illuminate\Filesystem\Filesystem.php(588): Symfony\Component\Finder\Finder->in()
#1 Command line code(1): Illuminate\Filesystem\Filesystem->files()
#2 Command line code(1): getViews()
#3 {main}
  thrown {"exception":"[object] (Symfony\\Component\\ErrorHandler\\Error\\FatalError(code: 0): Uncaught Symfony\\Component\\Finder\\Exception\\DirectoryNotFoundException: The \"E:\\vscode\\apm2\\apm2\\resources\\views\" directory does not exist. in E:\\vscode\\apm2\\vendor\\symfony\\finder\\Finder.php:646
Stack trace:
#0 E:\\vscode\\apm2\\vendor\\laravel\\framework\\src\\Illuminate\\Filesystem\\Filesystem.php(588): Symfony\\Component\\Finder\\Finder->in()
#1 Command line code(1): Illuminate\\Filesystem\\Filesystem->files()
#2 Command line code(1): getViews()
#3 {main}
  thrown at E:\\vscode\\apm2\\vendor\\symfony\\finder\\Finder.php:646)
[stacktrace]
#0 {main}
"} 
